obj\Debug\netcoreapp3.1\blazor\unlinked\loCar.Client.dll
obj\Debug\netcoreapp3.1\blazor\unlinked\System.Net.Http.Json.dll
obj\Debug\netcoreapp3.1\blazor\unlinked\System.Buffers.dll
obj\Debug\netcoreapp3.1\blazor\unlinked\mscorlib.dll
obj\Debug\netcoreapp3.1\blazor\unlinked\System.Threading.Tasks.Extensions.dll
obj\Debug\netcoreapp3.1\blazor\unlinked\System.Memory.dll
obj\Debug\netcoreapp3.1\blazor\unlinked\System.Text.Json.dll
obj\Debug\netcoreapp3.1\blazor\unlinked\System.Reflection.Primitives.dll
obj\Debug\netcoreapp3.1\blazor\unlinked\System.Runtime.CompilerServices.Unsafe.dll
obj\Debug\netcoreapp3.1\blazor\unlinked\System.Threading.dll
obj\Debug\netcoreapp3.1\blazor\unlinked\System.Core.dll
obj\Debug\netcoreapp3.1\blazor\unlinked\System.dll
obj\Debug\netcoreapp3.1\blazor\unlinked\WebAssembly.Net.WebSockets.dll
obj\Debug\netcoreapp3.1\blazor\unlinked\WebAssembly.Bindings.dll
obj\Debug\netcoreapp3.1\blazor\unlinked\netstandard.dll
obj\Debug\netcoreapp3.1\blazor\unlinked\System.Xml.Linq.dll
obj\Debug\netcoreapp3.1\blazor\unlinked\System.Xml.dll
obj\Debug\netcoreapp3.1\blazor\unlinked\System.Transactions.dll
obj\Debug\netcoreapp3.1\blazor\unlinked\System.Runtime.Serialization.dll
obj\Debug\netcoreapp3.1\blazor\unlinked\System.ServiceModel.Internals.dll
obj\Debug\netcoreapp3.1\blazor\unlinked\System.Numerics.dll
obj\Debug\netcoreapp3.1\blazor\unlinked\System.Net.Http.dll
obj\Debug\netcoreapp3.1\blazor\unlinked\System.Net.Http.WebAssemblyHttpHandler.dll
obj\Debug\netcoreapp3.1\blazor\unlinked\System.ComponentModel.Composition.dll
obj\Debug\netcoreapp3.1\blazor\unlinked\System.IO.Compression.FileSystem.dll
obj\Debug\netcoreapp3.1\blazor\unlinked\System.IO.Compression.dll
obj\Debug\netcoreapp3.1\blazor\unlinked\System.Drawing.Common.dll
obj\Debug\netcoreapp3.1\blazor\unlinked\System.Data.DataSetExtensions.dll
obj\Debug\netcoreapp3.1\blazor\unlinked\System.Data.dll
obj\Debug\netcoreapp3.1\blazor\unlinked\Mono.Security.dll
obj\Debug\netcoreapp3.1\blazor\unlinked\System.Reflection.Emit.ILGeneration.dll
obj\Debug\netcoreapp3.1\blazor\unlinked\System.Reflection.Emit.Lightweight.dll
obj\Debug\netcoreapp3.1\blazor\unlinked\System.Collections.Concurrent.dll
obj\Debug\netcoreapp3.1\blazor\unlinked\System.Numerics.Vectors.dll
obj\Debug\netcoreapp3.1\blazor\unlinked\System.Text.Encoding.Extensions.dll
obj\Debug\netcoreapp3.1\blazor\unlinked\System.Diagnostics.Debug.dll
obj\Debug\netcoreapp3.1\blazor\unlinked\System.Threading.Tasks.dll
obj\Debug\netcoreapp3.1\blazor\unlinked\System.Collections.dll
obj\Debug\netcoreapp3.1\blazor\unlinked\System.Text.Encodings.Web.dll
obj\Debug\netcoreapp3.1\blazor\unlinked\System.Resources.ResourceManager.dll
obj\Debug\netcoreapp3.1\blazor\unlinked\System.Runtime.Extensions.dll
obj\Debug\netcoreapp3.1\blazor\unlinked\System.Runtime.dll
obj\Debug\netcoreapp3.1\blazor\unlinked\Microsoft.Extensions.DependencyInjection.Abstractions.dll
obj\Debug\netcoreapp3.1\blazor\unlinked\Microsoft.AspNetCore.Components.Web.dll
obj\Debug\netcoreapp3.1\blazor\unlinked\System.Linq.dll
obj\Debug\netcoreapp3.1\blazor\unlinked\System.Linq.Expressions.dll
obj\Debug\netcoreapp3.1\blazor\unlinked\Microsoft.AspNetCore.Components.Forms.dll
obj\Debug\netcoreapp3.1\blazor\unlinked\System.ComponentModel.Annotations.dll
obj\Debug\netcoreapp3.1\blazor\unlinked\System.ComponentModel.DataAnnotations.dll
obj\Debug\netcoreapp3.1\blazor\unlinked\Microsoft.AspNetCore.Components.dll
obj\Debug\netcoreapp3.1\blazor\unlinked\System.Runtime.InteropServices.RuntimeInformation.dll
obj\Debug\netcoreapp3.1\blazor\unlinked\Microsoft.Extensions.Logging.Abstractions.dll
obj\Debug\netcoreapp3.1\blazor\unlinked\System.ObjectModel.dll
obj\Debug\netcoreapp3.1\blazor\unlinked\System.ComponentModel.dll
obj\Debug\netcoreapp3.1\blazor\unlinked\System.ComponentModel.TypeConverter.dll
obj\Debug\netcoreapp3.1\blazor\unlinked\loCar.Shared.dll
obj\Debug\netcoreapp3.1\blazor\unlinked\Microsoft.AspNetCore.Components.WebAssembly.dll
obj\Debug\netcoreapp3.1\blazor\unlinked\Microsoft.Extensions.DependencyInjection.dll
obj\Debug\netcoreapp3.1\blazor\unlinked\System.Threading.ThreadPool.dll
obj\Debug\netcoreapp3.1\blazor\unlinked\System.Diagnostics.Tracing.dll
obj\Debug\netcoreapp3.1\blazor\unlinked\Microsoft.Extensions.Primitives.dll
obj\Debug\netcoreapp3.1\blazor\unlinked\Microsoft.Extensions.Configuration.dll
obj\Debug\netcoreapp3.1\blazor\unlinked\Microsoft.Extensions.Configuration.Abstractions.dll
obj\Debug\netcoreapp3.1\blazor\unlinked\Microsoft.Extensions.Configuration.Json.dll
obj\Debug\netcoreapp3.1\blazor\unlinked\Microsoft.Extensions.Configuration.FileExtensions.dll
obj\Debug\netcoreapp3.1\blazor\unlinked\System.IO.FileSystem.dll
obj\Debug\netcoreapp3.1\blazor\unlinked\System.Threading.Thread.dll
obj\Debug\netcoreapp3.1\blazor\unlinked\Microsoft.Extensions.FileProviders.Physical.dll
obj\Debug\netcoreapp3.1\blazor\unlinked\System.Security.Cryptography.Primitives.dll
obj\Debug\netcoreapp3.1\blazor\unlinked\System.ComponentModel.Primitives.dll
obj\Debug\netcoreapp3.1\blazor\unlinked\System.Security.Cryptography.Algorithms.dll
obj\Debug\netcoreapp3.1\blazor\unlinked\Microsoft.Extensions.FileSystemGlobbing.dll
obj\Debug\netcoreapp3.1\blazor\unlinked\System.IO.FileSystem.Watcher.dll
obj\Debug\netcoreapp3.1\blazor\unlinked\Microsoft.Extensions.FileProviders.Abstractions.dll
obj\Debug\netcoreapp3.1\blazor\unlinked\System.Threading.Timer.dll
obj\Debug\netcoreapp3.1\blazor\unlinked\Microsoft.Extensions.Logging.dll
obj\Debug\netcoreapp3.1\blazor\unlinked\Microsoft.Extensions.Options.dll
obj\Debug\netcoreapp3.1\blazor\unlinked\Microsoft.JSInterop.dll
obj\Debug\netcoreapp3.1\blazor\unlinked\Microsoft.JSInterop.WebAssembly.dll
obj\Debug\netcoreapp3.1\blazor\unlinked\Microsoft.AspNetCore.Mvc.Core.dll
obj\Debug\netcoreapp3.1\blazor\unlinked\Microsoft.AspNetCore.Authentication.Core.dll
obj\Debug\netcoreapp3.1\blazor\unlinked\Microsoft.AspNetCore.Http.Abstractions.dll
obj\Debug\netcoreapp3.1\blazor\unlinked\Microsoft.AspNetCore.Http.Features.dll
obj\Debug\netcoreapp3.1\blazor\unlinked\Microsoft.AspNetCore.Authentication.Abstractions.dll
obj\Debug\netcoreapp3.1\blazor\unlinked\Microsoft.AspNetCore.ResponseCaching.Abstractions.dll
obj\Debug\netcoreapp3.1\blazor\unlinked\Microsoft.AspNetCore.WebUtilities.dll
obj\Debug\netcoreapp3.1\blazor\unlinked\Microsoft.Net.Http.Headers.dll
obj\Debug\netcoreapp3.1\blazor\unlinked\Microsoft.Extensions.DependencyModel.dll
obj\Debug\netcoreapp3.1\blazor\unlinked\System.AppContext.dll
obj\Debug\netcoreapp3.1\blazor\unlinked\System.IO.FileSystem.Primitives.dll
obj\Debug\netcoreapp3.1\blazor\unlinked\Newtonsoft.Json.dll
obj\Debug\netcoreapp3.1\blazor\unlinked\System.IO.dll
obj\Debug\netcoreapp3.1\blazor\unlinked\System.Reflection.dll
obj\Debug\netcoreapp3.1\blazor\unlinked\Microsoft.DotNet.PlatformAbstractions.dll
obj\Debug\netcoreapp3.1\blazor\unlinked\System.Runtime.InteropServices.dll
obj\Debug\netcoreapp3.1\blazor\unlinked\Microsoft.AspNetCore.Authorization.Policy.dll
obj\Debug\netcoreapp3.1\blazor\unlinked\Microsoft.AspNetCore.Authorization.dll
obj\Debug\netcoreapp3.1\blazor\unlinked\System.Security.Principal.dll
obj\Debug\netcoreapp3.1\blazor\unlinked\System.Security.Claims.dll
obj\Debug\netcoreapp3.1\blazor\unlinked\Microsoft.AspNetCore.Metadata.dll
obj\Debug\netcoreapp3.1\blazor\unlinked\Microsoft.AspNetCore.Hosting.Abstractions.dll
obj\Debug\netcoreapp3.1\blazor\unlinked\Microsoft.AspNetCore.Hosting.Server.Abstractions.dll
obj\Debug\netcoreapp3.1\blazor\unlinked\System.Diagnostics.DiagnosticSource.dll
obj\Debug\netcoreapp3.1\blazor\unlinked\Microsoft.AspNetCore.Http.dll
obj\Debug\netcoreapp3.1\blazor\unlinked\Microsoft.Extensions.ObjectPool.dll
obj\Debug\netcoreapp3.1\blazor\unlinked\Microsoft.AspNetCore.Mvc.Abstractions.dll
obj\Debug\netcoreapp3.1\blazor\unlinked\Microsoft.AspNetCore.Routing.Abstractions.dll
obj\Debug\netcoreapp3.1\blazor\unlinked\Microsoft.AspNetCore.Routing.dll
obj\Debug\netcoreapp3.1\blazor\unlinked\Microsoft.AspNetCore.Http.Extensions.dll
obj\Debug\netcoreapp3.1\blazor\unlinked\System.Text.RegularExpressions.dll
obj\Debug\netcoreapp3.1\blazor\unlinked\System.Collections.Specialized.dll
obj\Debug\netcoreapp3.1\blazor\unlinked\loCar.Client.pdb
obj\Debug\netcoreapp3.1\blazor\unlinked\loCar.Shared.pdb
